12-May-2025 10:33:08.233 INFO [main] org.apache.catalina.startup.VersionLoggerListener.log Server version name:   Apache Tomcat/9.0.104
12-May-2025 10:33:08.240 INFO [main] org.apache.catalina.startup.VersionLoggerListener.log Server built:          Apr 4 2025 12:32:55 UTC
12-May-2025 10:33:08.240 INFO [main] org.apache.catalina.startup.VersionLoggerListener.log Server version number: 9.0.104.0
12-May-2025 10:33:08.240 INFO [main] org.apache.catalina.startup.VersionLoggerListener.log OS Name:               Windows 11
12-May-2025 10:33:08.241 INFO [main] org.apache.catalina.startup.VersionLoggerListener.log OS Version:            10.0
12-May-2025 10:33:08.241 INFO [main] org.apache.catalina.startup.VersionLoggerListener.log Architecture:          amd64
12-May-2025 10:33:08.241 INFO [main] org.apache.catalina.startup.VersionLoggerListener.log Java Home:             C:\Users\Lithika\.jdks\openjdk-24.0.1
12-May-2025 10:33:08.242 INFO [main] org.apache.catalina.startup.VersionLoggerListener.log JVM Version:           24.0.1+9-30
12-May-2025 10:33:08.242 INFO [main] org.apache.catalina.startup.VersionLoggerListener.log JVM Vendor:            Oracle Corporation
12-May-2025 10:33:08.244 INFO [main] org.apache.catalina.startup.VersionLoggerListener.log CATALINA_BASE:         C:\Users\Lithika\Desktop\sample_2
12-May-2025 10:33:08.244 INFO [main] org.apache.catalina.startup.VersionLoggerListener.log CATALINA_HOME:         C:\Program Files\Apache Software Foundation\Tomcat 9.0
12-May-2025 10:33:08.262 INFO [main] org.apache.catalina.startup.VersionLoggerListener.log Command line argument: --add-opens=java.base/java.lang=ALL-UNNAMED
12-May-2025 10:33:08.262 INFO [main] org.apache.catalina.startup.VersionLoggerListener.log Command line argument: --add-opens=java.base/java.io=ALL-UNNAMED
12-May-2025 10:33:08.264 INFO [main] org.apache.catalina.startup.VersionLoggerListener.log Command line argument: --add-opens=java.base/java.util=ALL-UNNAMED
12-May-2025 10:33:08.264 INFO [main] org.apache.catalina.startup.VersionLoggerListener.log Command line argument: --add-opens=java.base/java.util.concurrent=ALL-UNNAMED
12-May-2025 10:33:08.264 INFO [main] org.apache.catalina.startup.VersionLoggerListener.log Command line argument: --add-opens=java.rmi/sun.rmi.transport=ALL-UNNAMED
12-May-2025 10:33:08.264 INFO [main] org.apache.catalina.startup.VersionLoggerListener.log Command line argument: -Dcatalina.home=C:\Program Files\Apache Software Foundation\Tomcat 9.0
12-May-2025 10:33:08.265 INFO [main] org.apache.catalina.startup.VersionLoggerListener.log Command line argument: -Dcatalina.base=C:\Users\Lithika\Desktop\sample_2
12-May-2025 10:33:08.265 INFO [main] org.apache.catalina.startup.VersionLoggerListener.log Command line argument: -Djava.io.tmpdir=C:\Users\Lithika\Desktop\sample_2\temp
12-May-2025 10:33:08.266 INFO [main] org.apache.catalina.startup.VersionLoggerListener.log Command line argument: -Djava.util.logging.config.file=C:\Users\Lithika\Desktop\sample_2\conf\logging.properties
12-May-2025 10:33:08.266 INFO [main] org.apache.catalina.startup.VersionLoggerListener.log Command line argument: -Djava.util.logging.manager=org.apache.juli.ClassLoaderLogManager
12-May-2025 10:33:08.266 INFO [main] org.apache.catalina.startup.VersionLoggerListener.log Command line argument: -javaagent:C:\Program Files\JetBrains\IntelliJ IDEA 2024.3.3\lib\idea_rt.jar=56267:C:\Program Files\JetBrains\IntelliJ IDEA 2024.3.3\bin
12-May-2025 10:33:08.266 INFO [main] org.apache.catalina.startup.VersionLoggerListener.log Command line argument: -Dfile.encoding=UTF-8
12-May-2025 10:33:08.266 INFO [main] org.apache.catalina.startup.VersionLoggerListener.log Command line argument: -Dsun.stdout.encoding=UTF-8
12-May-2025 10:33:08.267 INFO [main] org.apache.catalina.startup.VersionLoggerListener.log Command line argument: -Dsun.stderr.encoding=UTF-8
12-May-2025 10:33:08.281 INFO [main] org.apache.catalina.core.AprLifecycleListener.lifecycleEvent The Apache Tomcat Native library which allows using OpenSSL was not found on the java.library.path: [C:\Users\Lithika\.jdks\openjdk-24.0.1\bin;C:\WINDOWS\Sun\Java\bin;C:\WINDOWS\system32;C:\WINDOWS;C:\Program Files\Common Files\Oracle\Java\javapath;C:\WINDOWS\system32;C:\WINDOWS;C:\WINDOWS\System32\Wbem;C:\WINDOWS\System32\WindowsPowerShell\v1.0\;C:\WINDOWS\System32\OpenSSH\;C:\Program Files\NVIDIA Corporation\NVIDIA app\NvDLISR;C:\Program Files (x86)\NVIDIA Corporation\PhysX\Common;C:\Users\Lithika\AppData\Local\Programs\Python\Python313;C:\Users\Lithika\AppData\Local\Programs\Python\Python313\Scripts;C:\Program Files\Git\cmd;C:\Users\Lithika\AppData\Local\Programs\Python\Python313\Scripts\;C:\Users\Lithika\AppData\Local\Programs\Python\Python313\;C:\Users\Lithika\AppData\Local\Programs\Python\Launcher\;C:\Users\Lithika\AppData\Local\Microsoft\WindowsApps;;.]
12-May-2025 10:33:09.161 INFO [main] org.apache.coyote.AbstractProtocol.init Initializing ProtocolHandler ["http-nio-8080"]
12-May-2025 10:33:09.205 INFO [main] org.apache.catalina.startup.Catalina.load Server initialization in [1533] milliseconds
12-May-2025 10:33:09.313 INFO [main] org.apache.catalina.core.StandardService.startInternal Starting service [Catalina]
12-May-2025 10:33:09.313 INFO [main] org.apache.catalina.core.StandardEngine.startInternal Starting Servlet engine: [Apache Tomcat/9.0.104]
12-May-2025 10:33:09.335 INFO [main] org.apache.catalina.startup.HostConfig.deployDescriptor Deploying deployment descriptor [C:\Users\Lithika\Desktop\sample_2\conf\Catalina\localhost\sample_2.xml]
12-May-2025 10:33:10.612 INFO [main] org.apache.catalina.startup.HostConfig.deployDescriptor Deployment of deployment descriptor [C:\Users\Lithika\Desktop\sample_2\conf\Catalina\localhost\sample_2.xml] has finished in [1,274] ms
12-May-2025 10:33:10.626 INFO [main] org.apache.coyote.AbstractProtocol.start Starting ProtocolHandler ["http-nio-8080"]
12-May-2025 10:33:10.749 INFO [main] org.apache.catalina.startup.Catalina.start Server startup in [1540] milliseconds
12-May-2025 10:35:55.952 INFO [Thread-1] org.apache.coyote.AbstractProtocol.pause Pausing ProtocolHandler ["http-nio-8080"]
12-May-2025 10:35:55.991 INFO [Thread-1] org.apache.catalina.core.StandardService.stopInternal Stopping service [Catalina]
12-May-2025 10:35:56.034 INFO [Thread-1] org.apache.coyote.AbstractProtocol.stop Stopping ProtocolHandler ["http-nio-8080"]
12-May-2025 10:35:56.047 INFO [Thread-1] org.apache.coyote.AbstractProtocol.destroy Destroying ProtocolHandler ["http-nio-8080"]
12-May-2025 10:36:01.422 INFO [main] org.apache.catalina.startup.VersionLoggerListener.log Server version name:   Apache Tomcat/9.0.104
12-May-2025 10:36:01.429 INFO [main] org.apache.catalina.startup.VersionLoggerListener.log Server built:          Apr 4 2025 12:32:55 UTC
12-May-2025 10:36:01.429 INFO [main] org.apache.catalina.startup.VersionLoggerListener.log Server version number: 9.0.104.0
12-May-2025 10:36:01.429 INFO [main] org.apache.catalina.startup.VersionLoggerListener.log OS Name:               Windows 11
12-May-2025 10:36:01.430 INFO [main] org.apache.catalina.startup.VersionLoggerListener.log OS Version:            10.0
12-May-2025 10:36:01.430 INFO [main] org.apache.catalina.startup.VersionLoggerListener.log Architecture:          amd64
12-May-2025 10:36:01.430 INFO [main] org.apache.catalina.startup.VersionLoggerListener.log Java Home:             C:\Users\Lithika\.jdks\openjdk-24.0.1
12-May-2025 10:36:01.431 INFO [main] org.apache.catalina.startup.VersionLoggerListener.log JVM Version:           24.0.1+9-30
12-May-2025 10:36:01.431 INFO [main] org.apache.catalina.startup.VersionLoggerListener.log JVM Vendor:            Oracle Corporation
12-May-2025 10:36:01.432 INFO [main] org.apache.catalina.startup.VersionLoggerListener.log CATALINA_BASE:         C:\Users\Lithika\Desktop\sample_2
12-May-2025 10:36:01.432 INFO [main] org.apache.catalina.startup.VersionLoggerListener.log CATALINA_HOME:         C:\Program Files\Apache Software Foundation\Tomcat 9.0
12-May-2025 10:36:01.451 INFO [main] org.apache.catalina.startup.VersionLoggerListener.log Command line argument: --add-opens=java.base/java.lang=ALL-UNNAMED
12-May-2025 10:36:01.451 INFO [main] org.apache.catalina.startup.VersionLoggerListener.log Command line argument: --add-opens=java.base/java.io=ALL-UNNAMED
12-May-2025 10:36:01.453 INFO [main] org.apache.catalina.startup.VersionLoggerListener.log Command line argument: --add-opens=java.base/java.util=ALL-UNNAMED
12-May-2025 10:36:01.453 INFO [main] org.apache.catalina.startup.VersionLoggerListener.log Command line argument: --add-opens=java.base/java.util.concurrent=ALL-UNNAMED
12-May-2025 10:36:01.453 INFO [main] org.apache.catalina.startup.VersionLoggerListener.log Command line argument: --add-opens=java.rmi/sun.rmi.transport=ALL-UNNAMED
12-May-2025 10:36:01.453 INFO [main] org.apache.catalina.startup.VersionLoggerListener.log Command line argument: -Dcatalina.home=C:\Program Files\Apache Software Foundation\Tomcat 9.0
12-May-2025 10:36:01.453 INFO [main] org.apache.catalina.startup.VersionLoggerListener.log Command line argument: -Dcatalina.base=C:\Users\Lithika\Desktop\sample_2
12-May-2025 10:36:01.454 INFO [main] org.apache.catalina.startup.VersionLoggerListener.log Command line argument: -Djava.io.tmpdir=C:\Users\Lithika\Desktop\sample_2\temp
12-May-2025 10:36:01.454 INFO [main] org.apache.catalina.startup.VersionLoggerListener.log Command line argument: -Djava.util.logging.config.file=C:\Users\Lithika\Desktop\sample_2\conf\logging.properties
12-May-2025 10:36:01.454 INFO [main] org.apache.catalina.startup.VersionLoggerListener.log Command line argument: -Djava.util.logging.manager=org.apache.juli.ClassLoaderLogManager
12-May-2025 10:36:01.454 INFO [main] org.apache.catalina.startup.VersionLoggerListener.log Command line argument: -javaagent:C:\Program Files\JetBrains\IntelliJ IDEA 2024.3.3\lib\idea_rt.jar=56340:C:\Program Files\JetBrains\IntelliJ IDEA 2024.3.3\bin
12-May-2025 10:36:01.454 INFO [main] org.apache.catalina.startup.VersionLoggerListener.log Command line argument: -Dfile.encoding=UTF-8
12-May-2025 10:36:01.455 INFO [main] org.apache.catalina.startup.VersionLoggerListener.log Command line argument: -Dsun.stdout.encoding=UTF-8
12-May-2025 10:36:01.455 INFO [main] org.apache.catalina.startup.VersionLoggerListener.log Command line argument: -Dsun.stderr.encoding=UTF-8
12-May-2025 10:36:01.473 INFO [main] org.apache.catalina.core.AprLifecycleListener.lifecycleEvent The Apache Tomcat Native library which allows using OpenSSL was not found on the java.library.path: [C:\Users\Lithika\.jdks\openjdk-24.0.1\bin;C:\WINDOWS\Sun\Java\bin;C:\WINDOWS\system32;C:\WINDOWS;C:\Program Files\Common Files\Oracle\Java\javapath;C:\WINDOWS\system32;C:\WINDOWS;C:\WINDOWS\System32\Wbem;C:\WINDOWS\System32\WindowsPowerShell\v1.0\;C:\WINDOWS\System32\OpenSSH\;C:\Program Files\NVIDIA Corporation\NVIDIA app\NvDLISR;C:\Program Files (x86)\NVIDIA Corporation\PhysX\Common;C:\Users\Lithika\AppData\Local\Programs\Python\Python313;C:\Users\Lithika\AppData\Local\Programs\Python\Python313\Scripts;C:\Program Files\Git\cmd;C:\Users\Lithika\AppData\Local\Programs\Python\Python313\Scripts\;C:\Users\Lithika\AppData\Local\Programs\Python\Python313\;C:\Users\Lithika\AppData\Local\Programs\Python\Launcher\;C:\Users\Lithika\AppData\Local\Microsoft\WindowsApps;;.]
12-May-2025 10:36:02.662 INFO [main] org.apache.coyote.AbstractProtocol.init Initializing ProtocolHandler ["http-nio-8080"]
12-May-2025 10:36:02.709 INFO [main] org.apache.catalina.startup.Catalina.load Server initialization in [1855] milliseconds
12-May-2025 10:36:02.826 INFO [main] org.apache.catalina.core.StandardService.startInternal Starting service [Catalina]
12-May-2025 10:36:02.826 INFO [main] org.apache.catalina.core.StandardEngine.startInternal Starting Servlet engine: [Apache Tomcat/9.0.104]
12-May-2025 10:36:02.851 INFO [main] org.apache.catalina.startup.HostConfig.deployDescriptor Deploying deployment descriptor [C:\Users\Lithika\Desktop\sample_2\conf\Catalina\localhost\sample_2.xml]
12-May-2025 10:36:03.937 INFO [main] org.apache.catalina.startup.HostConfig.deployDescriptor Deployment of deployment descriptor [C:\Users\Lithika\Desktop\sample_2\conf\Catalina\localhost\sample_2.xml] has finished in [1,083] ms
12-May-2025 10:36:03.948 INFO [main] org.apache.coyote.AbstractProtocol.start Starting ProtocolHandler ["http-nio-8080"]
12-May-2025 10:36:04.018 INFO [main] org.apache.catalina.startup.Catalina.start Server startup in [1305] milliseconds
12-May-2025 10:37:54.349 INFO [Thread-1] org.apache.coyote.AbstractProtocol.pause Pausing ProtocolHandler ["http-nio-8080"]
12-May-2025 10:37:54.380 INFO [Thread-1] org.apache.catalina.core.StandardService.stopInternal Stopping service [Catalina]
12-May-2025 10:37:54.428 INFO [Thread-1] org.apache.coyote.AbstractProtocol.stop Stopping ProtocolHandler ["http-nio-8080"]
12-May-2025 10:37:54.438 INFO [Thread-1] org.apache.coyote.AbstractProtocol.destroy Destroying ProtocolHandler ["http-nio-8080"]
12-May-2025 10:37:58.667 INFO [main] org.apache.catalina.startup.VersionLoggerListener.log Server version name:   Apache Tomcat/9.0.104
12-May-2025 10:37:58.675 INFO [main] org.apache.catalina.startup.VersionLoggerListener.log Server built:          Apr 4 2025 12:32:55 UTC
12-May-2025 10:37:58.675 INFO [main] org.apache.catalina.startup.VersionLoggerListener.log Server version number: 9.0.104.0
12-May-2025 10:37:58.676 INFO [main] org.apache.catalina.startup.VersionLoggerListener.log OS Name:               Windows 11
12-May-2025 10:37:58.676 INFO [main] org.apache.catalina.startup.VersionLoggerListener.log OS Version:            10.0
12-May-2025 10:37:58.676 INFO [main] org.apache.catalina.startup.VersionLoggerListener.log Architecture:          amd64
12-May-2025 10:37:58.676 INFO [main] org.apache.catalina.startup.VersionLoggerListener.log Java Home:             C:\Users\Lithika\.jdks\openjdk-24.0.1
12-May-2025 10:37:58.677 INFO [main] org.apache.catalina.startup.VersionLoggerListener.log JVM Version:           24.0.1+9-30
12-May-2025 10:37:58.677 INFO [main] org.apache.catalina.startup.VersionLoggerListener.log JVM Vendor:            Oracle Corporation
12-May-2025 10:37:58.677 INFO [main] org.apache.catalina.startup.VersionLoggerListener.log CATALINA_BASE:         C:\Users\Lithika\Desktop\sample_2
12-May-2025 10:37:58.678 INFO [main] org.apache.catalina.startup.VersionLoggerListener.log CATALINA_HOME:         C:\Program Files\Apache Software Foundation\Tomcat 9.0
12-May-2025 10:37:58.698 INFO [main] org.apache.catalina.startup.VersionLoggerListener.log Command line argument: --add-opens=java.base/java.lang=ALL-UNNAMED
12-May-2025 10:37:58.698 INFO [main] org.apache.catalina.startup.VersionLoggerListener.log Command line argument: --add-opens=java.base/java.io=ALL-UNNAMED
12-May-2025 10:37:58.699 INFO [main] org.apache.catalina.startup.VersionLoggerListener.log Command line argument: --add-opens=java.base/java.util=ALL-UNNAMED
12-May-2025 10:37:58.699 INFO [main] org.apache.catalina.startup.VersionLoggerListener.log Command line argument: --add-opens=java.base/java.util.concurrent=ALL-UNNAMED
12-May-2025 10:37:58.699 INFO [main] org.apache.catalina.startup.VersionLoggerListener.log Command line argument: --add-opens=java.rmi/sun.rmi.transport=ALL-UNNAMED
12-May-2025 10:37:58.699 INFO [main] org.apache.catalina.startup.VersionLoggerListener.log Command line argument: -Dcatalina.home=C:\Program Files\Apache Software Foundation\Tomcat 9.0
12-May-2025 10:37:58.700 INFO [main] org.apache.catalina.startup.VersionLoggerListener.log Command line argument: -Dcatalina.base=C:\Users\Lithika\Desktop\sample_2
12-May-2025 10:37:58.700 INFO [main] org.apache.catalina.startup.VersionLoggerListener.log Command line argument: -Djava.io.tmpdir=C:\Users\Lithika\Desktop\sample_2\temp
12-May-2025 10:37:58.700 INFO [main] org.apache.catalina.startup.VersionLoggerListener.log Command line argument: -Djava.util.logging.config.file=C:\Users\Lithika\Desktop\sample_2\conf\logging.properties
12-May-2025 10:37:58.701 INFO [main] org.apache.catalina.startup.VersionLoggerListener.log Command line argument: -Djava.util.logging.manager=org.apache.juli.ClassLoaderLogManager
12-May-2025 10:37:58.701 INFO [main] org.apache.catalina.startup.VersionLoggerListener.log Command line argument: -javaagent:C:\Program Files\JetBrains\IntelliJ IDEA 2024.3.3\lib\idea_rt.jar=56382:C:\Program Files\JetBrains\IntelliJ IDEA 2024.3.3\bin
12-May-2025 10:37:58.701 INFO [main] org.apache.catalina.startup.VersionLoggerListener.log Command line argument: -Dfile.encoding=UTF-8
12-May-2025 10:37:58.701 INFO [main] org.apache.catalina.startup.VersionLoggerListener.log Command line argument: -Dsun.stdout.encoding=UTF-8
12-May-2025 10:37:58.702 INFO [main] org.apache.catalina.startup.VersionLoggerListener.log Command line argument: -Dsun.stderr.encoding=UTF-8
12-May-2025 10:37:58.721 INFO [main] org.apache.catalina.core.AprLifecycleListener.lifecycleEvent The Apache Tomcat Native library which allows using OpenSSL was not found on the java.library.path: [C:\Users\Lithika\.jdks\openjdk-24.0.1\bin;C:\WINDOWS\Sun\Java\bin;C:\WINDOWS\system32;C:\WINDOWS;C:\Program Files\Common Files\Oracle\Java\javapath;C:\WINDOWS\system32;C:\WINDOWS;C:\WINDOWS\System32\Wbem;C:\WINDOWS\System32\WindowsPowerShell\v1.0\;C:\WINDOWS\System32\OpenSSH\;C:\Program Files\NVIDIA Corporation\NVIDIA app\NvDLISR;C:\Program Files (x86)\NVIDIA Corporation\PhysX\Common;C:\Users\Lithika\AppData\Local\Programs\Python\Python313;C:\Users\Lithika\AppData\Local\Programs\Python\Python313\Scripts;C:\Program Files\Git\cmd;C:\Users\Lithika\AppData\Local\Programs\Python\Python313\Scripts\;C:\Users\Lithika\AppData\Local\Programs\Python\Python313\;C:\Users\Lithika\AppData\Local\Programs\Python\Launcher\;C:\Users\Lithika\AppData\Local\Microsoft\WindowsApps;;.]
12-May-2025 10:37:59.759 INFO [main] org.apache.coyote.AbstractProtocol.init Initializing ProtocolHandler ["http-nio-8080"]
12-May-2025 10:37:59.799 INFO [main] org.apache.catalina.startup.Catalina.load Server initialization in [1938] milliseconds
12-May-2025 10:37:59.915 INFO [main] org.apache.catalina.core.StandardService.startInternal Starting service [Catalina]
12-May-2025 10:37:59.916 INFO [main] org.apache.catalina.core.StandardEngine.startInternal Starting Servlet engine: [Apache Tomcat/9.0.104]
12-May-2025 10:37:59.937 INFO [main] org.apache.catalina.startup.HostConfig.deployDescriptor Deploying deployment descriptor [C:\Users\Lithika\Desktop\sample_2\conf\Catalina\localhost\sample_2.xml]
12-May-2025 10:38:00.756 INFO [main] org.apache.catalina.startup.HostConfig.deployDescriptor Deployment of deployment descriptor [C:\Users\Lithika\Desktop\sample_2\conf\Catalina\localhost\sample_2.xml] has finished in [816] ms
12-May-2025 10:38:00.764 INFO [main] org.apache.coyote.AbstractProtocol.start Starting ProtocolHandler ["http-nio-8080"]
12-May-2025 10:38:00.817 INFO [main] org.apache.catalina.startup.Catalina.start Server startup in [1013] milliseconds
12-May-2025 10:42:41.241 INFO [Thread-1] org.apache.coyote.AbstractProtocol.pause Pausing ProtocolHandler ["http-nio-8080"]
12-May-2025 10:42:41.268 INFO [Thread-1] org.apache.catalina.core.StandardService.stopInternal Stopping service [Catalina]
12-May-2025 10:42:41.300 INFO [Thread-1] org.apache.coyote.AbstractProtocol.stop Stopping ProtocolHandler ["http-nio-8080"]
12-May-2025 10:42:41.314 INFO [Thread-1] org.apache.coyote.AbstractProtocol.destroy Destroying ProtocolHandler ["http-nio-8080"]
12-May-2025 10:42:45.347 INFO [main] org.apache.catalina.startup.VersionLoggerListener.log Server version name:   Apache Tomcat/9.0.104
12-May-2025 10:42:45.353 INFO [main] org.apache.catalina.startup.VersionLoggerListener.log Server built:          Apr 4 2025 12:32:55 UTC
12-May-2025 10:42:45.354 INFO [main] org.apache.catalina.startup.VersionLoggerListener.log Server version number: 9.0.104.0
12-May-2025 10:42:45.354 INFO [main] org.apache.catalina.startup.VersionLoggerListener.log OS Name:               Windows 11
12-May-2025 10:42:45.355 INFO [main] org.apache.catalina.startup.VersionLoggerListener.log OS Version:            10.0
12-May-2025 10:42:45.355 INFO [main] org.apache.catalina.startup.VersionLoggerListener.log Architecture:          amd64
12-May-2025 10:42:45.356 INFO [main] org.apache.catalina.startup.VersionLoggerListener.log Java Home:             C:\Users\Lithika\.jdks\openjdk-24.0.1
12-May-2025 10:42:45.356 INFO [main] org.apache.catalina.startup.VersionLoggerListener.log JVM Version:           24.0.1+9-30
12-May-2025 10:42:45.356 INFO [main] org.apache.catalina.startup.VersionLoggerListener.log JVM Vendor:            Oracle Corporation
12-May-2025 10:42:45.357 INFO [main] org.apache.catalina.startup.VersionLoggerListener.log CATALINA_BASE:         C:\Users\Lithika\Desktop\sample_2
12-May-2025 10:42:45.357 INFO [main] org.apache.catalina.startup.VersionLoggerListener.log CATALINA_HOME:         C:\Program Files\Apache Software Foundation\Tomcat 9.0
12-May-2025 10:42:45.379 INFO [main] org.apache.catalina.startup.VersionLoggerListener.log Command line argument: --add-opens=java.base/java.lang=ALL-UNNAMED
12-May-2025 10:42:45.379 INFO [main] org.apache.catalina.startup.VersionLoggerListener.log Command line argument: --add-opens=java.base/java.io=ALL-UNNAMED
12-May-2025 10:42:45.380 INFO [main] org.apache.catalina.startup.VersionLoggerListener.log Command line argument: --add-opens=java.base/java.util=ALL-UNNAMED
12-May-2025 10:42:45.380 INFO [main] org.apache.catalina.startup.VersionLoggerListener.log Command line argument: --add-opens=java.base/java.util.concurrent=ALL-UNNAMED
12-May-2025 10:42:45.380 INFO [main] org.apache.catalina.startup.VersionLoggerListener.log Command line argument: --add-opens=java.rmi/sun.rmi.transport=ALL-UNNAMED
12-May-2025 10:42:45.381 INFO [main] org.apache.catalina.startup.VersionLoggerListener.log Command line argument: -Dcatalina.home=C:\Program Files\Apache Software Foundation\Tomcat 9.0
12-May-2025 10:42:45.381 INFO [main] org.apache.catalina.startup.VersionLoggerListener.log Command line argument: -Dcatalina.base=C:\Users\Lithika\Desktop\sample_2
12-May-2025 10:42:45.381 INFO [main] org.apache.catalina.startup.VersionLoggerListener.log Command line argument: -Djava.io.tmpdir=C:\Users\Lithika\Desktop\sample_2\temp
12-May-2025 10:42:45.381 INFO [main] org.apache.catalina.startup.VersionLoggerListener.log Command line argument: -Djava.util.logging.config.file=C:\Users\Lithika\Desktop\sample_2\conf\logging.properties
12-May-2025 10:42:45.382 INFO [main] org.apache.catalina.startup.VersionLoggerListener.log Command line argument: -Djava.util.logging.manager=org.apache.juli.ClassLoaderLogManager
12-May-2025 10:42:45.382 INFO [main] org.apache.catalina.startup.VersionLoggerListener.log Command line argument: -javaagent:C:\Program Files\JetBrains\IntelliJ IDEA 2024.3.3\lib\idea_rt.jar=56441:C:\Program Files\JetBrains\IntelliJ IDEA 2024.3.3\bin
12-May-2025 10:42:45.382 INFO [main] org.apache.catalina.startup.VersionLoggerListener.log Command line argument: -Dfile.encoding=UTF-8
12-May-2025 10:42:45.382 INFO [main] org.apache.catalina.startup.VersionLoggerListener.log Command line argument: -Dsun.stdout.encoding=UTF-8
12-May-2025 10:42:45.383 INFO [main] org.apache.catalina.startup.VersionLoggerListener.log Command line argument: -Dsun.stderr.encoding=UTF-8
12-May-2025 10:42:45.400 INFO [main] org.apache.catalina.core.AprLifecycleListener.lifecycleEvent The Apache Tomcat Native library which allows using OpenSSL was not found on the java.library.path: [C:\Users\Lithika\.jdks\openjdk-24.0.1\bin;C:\WINDOWS\Sun\Java\bin;C:\WINDOWS\system32;C:\WINDOWS;C:\Program Files\Common Files\Oracle\Java\javapath;C:\WINDOWS\system32;C:\WINDOWS;C:\WINDOWS\System32\Wbem;C:\WINDOWS\System32\WindowsPowerShell\v1.0\;C:\WINDOWS\System32\OpenSSH\;C:\Program Files\NVIDIA Corporation\NVIDIA app\NvDLISR;C:\Program Files (x86)\NVIDIA Corporation\PhysX\Common;C:\Users\Lithika\AppData\Local\Programs\Python\Python313;C:\Users\Lithika\AppData\Local\Programs\Python\Python313\Scripts;C:\Program Files\Git\cmd;C:\Users\Lithika\AppData\Local\Programs\Python\Python313\Scripts\;C:\Users\Lithika\AppData\Local\Programs\Python\Python313\;C:\Users\Lithika\AppData\Local\Programs\Python\Launcher\;C:\Users\Lithika\AppData\Local\Microsoft\WindowsApps;;.]
12-May-2025 10:42:46.343 INFO [main] org.apache.coyote.AbstractProtocol.init Initializing ProtocolHandler ["http-nio-8080"]
12-May-2025 10:42:46.408 INFO [main] org.apache.catalina.startup.Catalina.load Server initialization in [1487] milliseconds
12-May-2025 10:42:46.576 INFO [main] org.apache.catalina.core.StandardService.startInternal Starting service [Catalina]
12-May-2025 10:42:46.577 INFO [main] org.apache.catalina.core.StandardEngine.startInternal Starting Servlet engine: [Apache Tomcat/9.0.104]
12-May-2025 10:42:46.612 INFO [main] org.apache.catalina.startup.HostConfig.deployDescriptor Deploying deployment descriptor [C:\Users\Lithika\Desktop\sample_2\conf\Catalina\localhost\sample_2.xml]
12-May-2025 10:42:47.719 INFO [main] org.apache.catalina.startup.HostConfig.deployDescriptor Deployment of deployment descriptor [C:\Users\Lithika\Desktop\sample_2\conf\Catalina\localhost\sample_2.xml] has finished in [1,105] ms
12-May-2025 10:42:47.728 INFO [main] org.apache.coyote.AbstractProtocol.start Starting ProtocolHandler ["http-nio-8080"]
12-May-2025 10:42:47.779 INFO [main] org.apache.catalina.startup.Catalina.start Server startup in [1366] milliseconds
12-May-2025 10:44:46.845 INFO [Thread-1] org.apache.coyote.AbstractProtocol.pause Pausing ProtocolHandler ["http-nio-8080"]
12-May-2025 10:44:46.866 INFO [Thread-1] org.apache.catalina.core.StandardService.stopInternal Stopping service [Catalina]
12-May-2025 10:44:46.887 INFO [Thread-1] org.apache.coyote.AbstractProtocol.stop Stopping ProtocolHandler ["http-nio-8080"]
12-May-2025 10:44:46.900 INFO [Thread-1] org.apache.coyote.AbstractProtocol.destroy Destroying ProtocolHandler ["http-nio-8080"]
12-May-2025 10:44:50.970 INFO [main] org.apache.catalina.startup.VersionLoggerListener.log Server version name:   Apache Tomcat/9.0.104
12-May-2025 10:44:50.975 INFO [main] org.apache.catalina.startup.VersionLoggerListener.log Server built:          Apr 4 2025 12:32:55 UTC
12-May-2025 10:44:50.976 INFO [main] org.apache.catalina.startup.VersionLoggerListener.log Server version number: 9.0.104.0
12-May-2025 10:44:50.976 INFO [main] org.apache.catalina.startup.VersionLoggerListener.log OS Name:               Windows 11
12-May-2025 10:44:50.976 INFO [main] org.apache.catalina.startup.VersionLoggerListener.log OS Version:            10.0
12-May-2025 10:44:50.977 INFO [main] org.apache.catalina.startup.VersionLoggerListener.log Architecture:          amd64
12-May-2025 10:44:50.977 INFO [main] org.apache.catalina.startup.VersionLoggerListener.log Java Home:             C:\Users\Lithika\.jdks\openjdk-24.0.1
12-May-2025 10:44:50.977 INFO [main] org.apache.catalina.startup.VersionLoggerListener.log JVM Version:           24.0.1+9-30
12-May-2025 10:44:50.977 INFO [main] org.apache.catalina.startup.VersionLoggerListener.log JVM Vendor:            Oracle Corporation
12-May-2025 10:44:50.977 INFO [main] org.apache.catalina.startup.VersionLoggerListener.log CATALINA_BASE:         C:\Users\Lithika\Desktop\sample_2
12-May-2025 10:44:50.978 INFO [main] org.apache.catalina.startup.VersionLoggerListener.log CATALINA_HOME:         C:\Program Files\Apache Software Foundation\Tomcat 9.0
12-May-2025 10:44:51.003 INFO [main] org.apache.catalina.startup.VersionLoggerListener.log Command line argument: --add-opens=java.base/java.lang=ALL-UNNAMED
12-May-2025 10:44:51.003 INFO [main] org.apache.catalina.startup.VersionLoggerListener.log Command line argument: --add-opens=java.base/java.io=ALL-UNNAMED
12-May-2025 10:44:51.003 INFO [main] org.apache.catalina.startup.VersionLoggerListener.log Command line argument: --add-opens=java.base/java.util=ALL-UNNAMED
12-May-2025 10:44:51.005 INFO [main] org.apache.catalina.startup.VersionLoggerListener.log Command line argument: --add-opens=java.base/java.util.concurrent=ALL-UNNAMED
12-May-2025 10:44:51.005 INFO [main] org.apache.catalina.startup.VersionLoggerListener.log Command line argument: --add-opens=java.rmi/sun.rmi.transport=ALL-UNNAMED
12-May-2025 10:44:51.005 INFO [main] org.apache.catalina.startup.VersionLoggerListener.log Command line argument: -Dcatalina.home=C:\Program Files\Apache Software Foundation\Tomcat 9.0
12-May-2025 10:44:51.005 INFO [main] org.apache.catalina.startup.VersionLoggerListener.log Command line argument: -Dcatalina.base=C:\Users\Lithika\Desktop\sample_2
12-May-2025 10:44:51.006 INFO [main] org.apache.catalina.startup.VersionLoggerListener.log Command line argument: -Djava.io.tmpdir=C:\Users\Lithika\Desktop\sample_2\temp
12-May-2025 10:44:51.006 INFO [main] org.apache.catalina.startup.VersionLoggerListener.log Command line argument: -Djava.util.logging.config.file=C:\Users\Lithika\Desktop\sample_2\conf\logging.properties
12-May-2025 10:44:51.006 INFO [main] org.apache.catalina.startup.VersionLoggerListener.log Command line argument: -Djava.util.logging.manager=org.apache.juli.ClassLoaderLogManager
12-May-2025 10:44:51.006 INFO [main] org.apache.catalina.startup.VersionLoggerListener.log Command line argument: -javaagent:C:\Program Files\JetBrains\IntelliJ IDEA 2024.3.3\lib\idea_rt.jar=56470:C:\Program Files\JetBrains\IntelliJ IDEA 2024.3.3\bin
12-May-2025 10:44:51.007 INFO [main] org.apache.catalina.startup.VersionLoggerListener.log Command line argument: -Dfile.encoding=UTF-8
12-May-2025 10:44:51.007 INFO [main] org.apache.catalina.startup.VersionLoggerListener.log Command line argument: -Dsun.stdout.encoding=UTF-8
12-May-2025 10:44:51.007 INFO [main] org.apache.catalina.startup.VersionLoggerListener.log Command line argument: -Dsun.stderr.encoding=UTF-8
12-May-2025 10:44:51.021 INFO [main] org.apache.catalina.core.AprLifecycleListener.lifecycleEvent The Apache Tomcat Native library which allows using OpenSSL was not found on the java.library.path: [C:\Users\Lithika\.jdks\openjdk-24.0.1\bin;C:\WINDOWS\Sun\Java\bin;C:\WINDOWS\system32;C:\WINDOWS;C:\Program Files\Common Files\Oracle\Java\javapath;C:\WINDOWS\system32;C:\WINDOWS;C:\WINDOWS\System32\Wbem;C:\WINDOWS\System32\WindowsPowerShell\v1.0\;C:\WINDOWS\System32\OpenSSH\;C:\Program Files\NVIDIA Corporation\NVIDIA app\NvDLISR;C:\Program Files (x86)\NVIDIA Corporation\PhysX\Common;C:\Users\Lithika\AppData\Local\Programs\Python\Python313;C:\Users\Lithika\AppData\Local\Programs\Python\Python313\Scripts;C:\Program Files\Git\cmd;C:\Users\Lithika\AppData\Local\Programs\Python\Python313\Scripts\;C:\Users\Lithika\AppData\Local\Programs\Python\Python313\;C:\Users\Lithika\AppData\Local\Programs\Python\Launcher\;C:\Users\Lithika\AppData\Local\Microsoft\WindowsApps;;.]
12-May-2025 10:44:52.015 INFO [main] org.apache.coyote.AbstractProtocol.init Initializing ProtocolHandler ["http-nio-8080"]
12-May-2025 10:44:52.059 INFO [main] org.apache.catalina.startup.Catalina.load Server initialization in [1675] milliseconds
12-May-2025 10:44:52.165 INFO [main] org.apache.catalina.core.StandardService.startInternal Starting service [Catalina]
12-May-2025 10:44:52.166 INFO [main] org.apache.catalina.core.StandardEngine.startInternal Starting Servlet engine: [Apache Tomcat/9.0.104]
12-May-2025 10:44:52.183 INFO [main] org.apache.catalina.startup.HostConfig.deployDescriptor Deploying deployment descriptor [C:\Users\Lithika\Desktop\sample_2\conf\Catalina\localhost\sample_2.xml]
12-May-2025 10:44:53.002 INFO [main] org.apache.catalina.startup.HostConfig.deployDescriptor Deployment of deployment descriptor [C:\Users\Lithika\Desktop\sample_2\conf\Catalina\localhost\sample_2.xml] has finished in [817] ms
12-May-2025 10:44:53.010 INFO [main] org.apache.coyote.AbstractProtocol.start Starting ProtocolHandler ["http-nio-8080"]
12-May-2025 10:44:53.059 INFO [main] org.apache.catalina.startup.Catalina.start Server startup in [996] milliseconds
12-May-2025 10:47:18.394 INFO [Thread-1] org.apache.coyote.AbstractProtocol.pause Pausing ProtocolHandler ["http-nio-8080"]
12-May-2025 10:47:18.417 INFO [Thread-1] org.apache.catalina.core.StandardService.stopInternal Stopping service [Catalina]
12-May-2025 10:47:18.448 INFO [Thread-1] org.apache.coyote.AbstractProtocol.stop Stopping ProtocolHandler ["http-nio-8080"]
12-May-2025 10:47:18.454 INFO [Thread-1] org.apache.coyote.AbstractProtocol.destroy Destroying ProtocolHandler ["http-nio-8080"]
12-May-2025 10:47:23.070 INFO [main] org.apache.catalina.startup.VersionLoggerListener.log Server version name:   Apache Tomcat/9.0.104
12-May-2025 10:47:23.077 INFO [main] org.apache.catalina.startup.VersionLoggerListener.log Server built:          Apr 4 2025 12:32:55 UTC
12-May-2025 10:47:23.077 INFO [main] org.apache.catalina.startup.VersionLoggerListener.log Server version number: 9.0.104.0
12-May-2025 10:47:23.078 INFO [main] org.apache.catalina.startup.VersionLoggerListener.log OS Name:               Windows 11
12-May-2025 10:47:23.078 INFO [main] org.apache.catalina.startup.VersionLoggerListener.log OS Version:            10.0
12-May-2025 10:47:23.079 INFO [main] org.apache.catalina.startup.VersionLoggerListener.log Architecture:          amd64
12-May-2025 10:47:23.079 INFO [main] org.apache.catalina.startup.VersionLoggerListener.log Java Home:             C:\Users\Lithika\.jdks\openjdk-24.0.1
12-May-2025 10:47:23.079 INFO [main] org.apache.catalina.startup.VersionLoggerListener.log JVM Version:           24.0.1+9-30
12-May-2025 10:47:23.080 INFO [main] org.apache.catalina.startup.VersionLoggerListener.log JVM Vendor:            Oracle Corporation
12-May-2025 10:47:23.080 INFO [main] org.apache.catalina.startup.VersionLoggerListener.log CATALINA_BASE:         C:\Users\Lithika\Desktop\sample_2
12-May-2025 10:47:23.080 INFO [main] org.apache.catalina.startup.VersionLoggerListener.log CATALINA_HOME:         C:\Program Files\Apache Software Foundation\Tomcat 9.0
12-May-2025 10:47:23.098 INFO [main] org.apache.catalina.startup.VersionLoggerListener.log Command line argument: --add-opens=java.base/java.lang=ALL-UNNAMED
12-May-2025 10:47:23.098 INFO [main] org.apache.catalina.startup.VersionLoggerListener.log Command line argument: --add-opens=java.base/java.io=ALL-UNNAMED
12-May-2025 10:47:23.098 INFO [main] org.apache.catalina.startup.VersionLoggerListener.log Command line argument: --add-opens=java.base/java.util=ALL-UNNAMED
12-May-2025 10:47:23.099 INFO [main] org.apache.catalina.startup.VersionLoggerListener.log Command line argument: --add-opens=java.base/java.util.concurrent=ALL-UNNAMED
12-May-2025 10:47:23.099 INFO [main] org.apache.catalina.startup.VersionLoggerListener.log Command line argument: --add-opens=java.rmi/sun.rmi.transport=ALL-UNNAMED
12-May-2025 10:47:23.099 INFO [main] org.apache.catalina.startup.VersionLoggerListener.log Command line argument: -Dcatalina.home=C:\Program Files\Apache Software Foundation\Tomcat 9.0
12-May-2025 10:47:23.099 INFO [main] org.apache.catalina.startup.VersionLoggerListener.log Command line argument: -Dcatalina.base=C:\Users\Lithika\Desktop\sample_2
12-May-2025 10:47:23.100 INFO [main] org.apache.catalina.startup.VersionLoggerListener.log Command line argument: -Djava.io.tmpdir=C:\Users\Lithika\Desktop\sample_2\temp
12-May-2025 10:47:23.100 INFO [main] org.apache.catalina.startup.VersionLoggerListener.log Command line argument: -Djava.util.logging.config.file=C:\Users\Lithika\Desktop\sample_2\conf\logging.properties
12-May-2025 10:47:23.100 INFO [main] org.apache.catalina.startup.VersionLoggerListener.log Command line argument: -Djava.util.logging.manager=org.apache.juli.ClassLoaderLogManager
12-May-2025 10:47:23.101 INFO [main] org.apache.catalina.startup.VersionLoggerListener.log Command line argument: -javaagent:C:\Program Files\JetBrains\IntelliJ IDEA 2024.3.3\lib\idea_rt.jar=56516:C:\Program Files\JetBrains\IntelliJ IDEA 2024.3.3\bin
12-May-2025 10:47:23.101 INFO [main] org.apache.catalina.startup.VersionLoggerListener.log Command line argument: -Dfile.encoding=UTF-8
12-May-2025 10:47:23.101 INFO [main] org.apache.catalina.startup.VersionLoggerListener.log Command line argument: -Dsun.stdout.encoding=UTF-8
12-May-2025 10:47:23.101 INFO [main] org.apache.catalina.startup.VersionLoggerListener.log Command line argument: -Dsun.stderr.encoding=UTF-8
12-May-2025 10:47:23.120 INFO [main] org.apache.catalina.core.AprLifecycleListener.lifecycleEvent The Apache Tomcat Native library which allows using OpenSSL was not found on the java.library.path: [C:\Users\Lithika\.jdks\openjdk-24.0.1\bin;C:\WINDOWS\Sun\Java\bin;C:\WINDOWS\system32;C:\WINDOWS;C:\Program Files\Common Files\Oracle\Java\javapath;C:\WINDOWS\system32;C:\WINDOWS;C:\WINDOWS\System32\Wbem;C:\WINDOWS\System32\WindowsPowerShell\v1.0\;C:\WINDOWS\System32\OpenSSH\;C:\Program Files\NVIDIA Corporation\NVIDIA app\NvDLISR;C:\Program Files (x86)\NVIDIA Corporation\PhysX\Common;C:\Users\Lithika\AppData\Local\Programs\Python\Python313;C:\Users\Lithika\AppData\Local\Programs\Python\Python313\Scripts;C:\Program Files\Git\cmd;C:\Users\Lithika\AppData\Local\Programs\Python\Python313\Scripts\;C:\Users\Lithika\AppData\Local\Programs\Python\Python313\;C:\Users\Lithika\AppData\Local\Programs\Python\Launcher\;C:\Users\Lithika\AppData\Local\Microsoft\WindowsApps;;.]
12-May-2025 10:47:24.083 INFO [main] org.apache.coyote.AbstractProtocol.init Initializing ProtocolHandler ["http-nio-8080"]
12-May-2025 10:47:24.132 INFO [main] org.apache.catalina.startup.Catalina.load Server initialization in [1571] milliseconds
12-May-2025 10:47:24.260 INFO [main] org.apache.catalina.core.StandardService.startInternal Starting service [Catalina]
12-May-2025 10:47:24.260 INFO [main] org.apache.catalina.core.StandardEngine.startInternal Starting Servlet engine: [Apache Tomcat/9.0.104]
12-May-2025 10:47:24.281 INFO [main] org.apache.catalina.startup.HostConfig.deployDescriptor Deploying deployment descriptor [C:\Users\Lithika\Desktop\sample_2\conf\Catalina\localhost\sample_2.xml]
12-May-2025 10:47:25.293 INFO [main] org.apache.catalina.startup.HostConfig.deployDescriptor Deployment of deployment descriptor [C:\Users\Lithika\Desktop\sample_2\conf\Catalina\localhost\sample_2.xml] has finished in [1,009] ms
12-May-2025 10:47:25.306 INFO [main] org.apache.coyote.AbstractProtocol.start Starting ProtocolHandler ["http-nio-8080"]
12-May-2025 10:47:25.376 INFO [main] org.apache.catalina.startup.Catalina.start Server startup in [1240] milliseconds
12-May-2025 10:50:09.123 INFO [Thread-1] org.apache.coyote.AbstractProtocol.pause Pausing ProtocolHandler ["http-nio-8080"]
12-May-2025 10:50:09.144 INFO [Thread-1] org.apache.catalina.core.StandardService.stopInternal Stopping service [Catalina]
12-May-2025 10:50:09.193 INFO [Thread-1] org.apache.coyote.AbstractProtocol.stop Stopping ProtocolHandler ["http-nio-8080"]
12-May-2025 10:50:09.216 INFO [Thread-1] org.apache.coyote.AbstractProtocol.destroy Destroying ProtocolHandler ["http-nio-8080"]
12-May-2025 10:50:13.382 INFO [main] org.apache.catalina.startup.VersionLoggerListener.log Server version name:   Apache Tomcat/9.0.104
12-May-2025 10:50:13.390 INFO [main] org.apache.catalina.startup.VersionLoggerListener.log Server built:          Apr 4 2025 12:32:55 UTC
12-May-2025 10:50:13.390 INFO [main] org.apache.catalina.startup.VersionLoggerListener.log Server version number: 9.0.104.0
12-May-2025 10:50:13.391 INFO [main] org.apache.catalina.startup.VersionLoggerListener.log OS Name:               Windows 11
12-May-2025 10:50:13.392 INFO [main] org.apache.catalina.startup.VersionLoggerListener.log OS Version:            10.0
12-May-2025 10:50:13.392 INFO [main] org.apache.catalina.startup.VersionLoggerListener.log Architecture:          amd64
12-May-2025 10:50:13.392 INFO [main] org.apache.catalina.startup.VersionLoggerListener.log Java Home:             C:\Users\Lithika\.jdks\openjdk-24.0.1
12-May-2025 10:50:13.393 INFO [main] org.apache.catalina.startup.VersionLoggerListener.log JVM Version:           24.0.1+9-30
12-May-2025 10:50:13.393 INFO [main] org.apache.catalina.startup.VersionLoggerListener.log JVM Vendor:            Oracle Corporation
12-May-2025 10:50:13.394 INFO [main] org.apache.catalina.startup.VersionLoggerListener.log CATALINA_BASE:         C:\Users\Lithika\Desktop\sample_2
12-May-2025 10:50:13.395 INFO [main] org.apache.catalina.startup.VersionLoggerListener.log CATALINA_HOME:         C:\Program Files\Apache Software Foundation\Tomcat 9.0
12-May-2025 10:50:13.416 INFO [main] org.apache.catalina.startup.VersionLoggerListener.log Command line argument: --add-opens=java.base/java.lang=ALL-UNNAMED
12-May-2025 10:50:13.416 INFO [main] org.apache.catalina.startup.VersionLoggerListener.log Command line argument: --add-opens=java.base/java.io=ALL-UNNAMED
12-May-2025 10:50:13.417 INFO [main] org.apache.catalina.startup.VersionLoggerListener.log Command line argument: --add-opens=java.base/java.util=ALL-UNNAMED
12-May-2025 10:50:13.417 INFO [main] org.apache.catalina.startup.VersionLoggerListener.log Command line argument: --add-opens=java.base/java.util.concurrent=ALL-UNNAMED
12-May-2025 10:50:13.417 INFO [main] org.apache.catalina.startup.VersionLoggerListener.log Command line argument: --add-opens=java.rmi/sun.rmi.transport=ALL-UNNAMED
12-May-2025 10:50:13.417 INFO [main] org.apache.catalina.startup.VersionLoggerListener.log Command line argument: -Dcatalina.home=C:\Program Files\Apache Software Foundation\Tomcat 9.0
12-May-2025 10:50:13.418 INFO [main] org.apache.catalina.startup.VersionLoggerListener.log Command line argument: -Dcatalina.base=C:\Users\Lithika\Desktop\sample_2
12-May-2025 10:50:13.418 INFO [main] org.apache.catalina.startup.VersionLoggerListener.log Command line argument: -Djava.io.tmpdir=C:\Users\Lithika\Desktop\sample_2\temp
12-May-2025 10:50:13.418 INFO [main] org.apache.catalina.startup.VersionLoggerListener.log Command line argument: -Djava.util.logging.config.file=C:\Users\Lithika\Desktop\sample_2\conf\logging.properties
12-May-2025 10:50:13.418 INFO [main] org.apache.catalina.startup.VersionLoggerListener.log Command line argument: -Djava.util.logging.manager=org.apache.juli.ClassLoaderLogManager
12-May-2025 10:50:13.419 INFO [main] org.apache.catalina.startup.VersionLoggerListener.log Command line argument: -javaagent:C:\Program Files\JetBrains\IntelliJ IDEA 2024.3.3\lib\idea_rt.jar=56553:C:\Program Files\JetBrains\IntelliJ IDEA 2024.3.3\bin
12-May-2025 10:50:13.419 INFO [main] org.apache.catalina.startup.VersionLoggerListener.log Command line argument: -Dfile.encoding=UTF-8
12-May-2025 10:50:13.419 INFO [main] org.apache.catalina.startup.VersionLoggerListener.log Command line argument: -Dsun.stdout.encoding=UTF-8
12-May-2025 10:50:13.420 INFO [main] org.apache.catalina.startup.VersionLoggerListener.log Command line argument: -Dsun.stderr.encoding=UTF-8
12-May-2025 10:50:13.438 INFO [main] org.apache.catalina.core.AprLifecycleListener.lifecycleEvent The Apache Tomcat Native library which allows using OpenSSL was not found on the java.library.path: [C:\Users\Lithika\.jdks\openjdk-24.0.1\bin;C:\WINDOWS\Sun\Java\bin;C:\WINDOWS\system32;C:\WINDOWS;C:\Program Files\Common Files\Oracle\Java\javapath;C:\WINDOWS\system32;C:\WINDOWS;C:\WINDOWS\System32\Wbem;C:\WINDOWS\System32\WindowsPowerShell\v1.0\;C:\WINDOWS\System32\OpenSSH\;C:\Program Files\NVIDIA Corporation\NVIDIA app\NvDLISR;C:\Program Files (x86)\NVIDIA Corporation\PhysX\Common;C:\Users\Lithika\AppData\Local\Programs\Python\Python313;C:\Users\Lithika\AppData\Local\Programs\Python\Python313\Scripts;C:\Program Files\Git\cmd;C:\Users\Lithika\AppData\Local\Programs\Python\Python313\Scripts\;C:\Users\Lithika\AppData\Local\Programs\Python\Python313\;C:\Users\Lithika\AppData\Local\Programs\Python\Launcher\;C:\Users\Lithika\AppData\Local\Microsoft\WindowsApps;;.]
12-May-2025 10:50:14.615 INFO [main] org.apache.coyote.AbstractProtocol.init Initializing ProtocolHandler ["http-nio-8080"]
12-May-2025 10:50:14.677 INFO [main] org.apache.catalina.startup.Catalina.load Server initialization in [1826] milliseconds
12-May-2025 10:50:14.812 INFO [main] org.apache.catalina.core.StandardService.startInternal Starting service [Catalina]
12-May-2025 10:50:14.813 INFO [main] org.apache.catalina.core.StandardEngine.startInternal Starting Servlet engine: [Apache Tomcat/9.0.104]
12-May-2025 10:50:14.840 INFO [main] org.apache.catalina.startup.HostConfig.deployDescriptor Deploying deployment descriptor [C:\Users\Lithika\Desktop\sample_2\conf\Catalina\localhost\sample_2.xml]
12-May-2025 10:50:15.747 INFO [main] org.apache.catalina.startup.HostConfig.deployDescriptor Deployment of deployment descriptor [C:\Users\Lithika\Desktop\sample_2\conf\Catalina\localhost\sample_2.xml] has finished in [905] ms
12-May-2025 10:50:15.760 INFO [main] org.apache.coyote.AbstractProtocol.start Starting ProtocolHandler ["http-nio-8080"]
12-May-2025 10:50:15.815 INFO [main] org.apache.catalina.startup.Catalina.start Server startup in [1132] milliseconds
12-May-2025 10:54:51.408 INFO [Thread-1] org.apache.coyote.AbstractProtocol.pause Pausing ProtocolHandler ["http-nio-8080"]
12-May-2025 10:54:51.430 INFO [Thread-1] org.apache.catalina.core.StandardService.stopInternal Stopping service [Catalina]
12-May-2025 10:54:51.458 INFO [Thread-1] org.apache.coyote.AbstractProtocol.stop Stopping ProtocolHandler ["http-nio-8080"]
12-May-2025 10:54:51.467 INFO [Thread-1] org.apache.coyote.AbstractProtocol.destroy Destroying ProtocolHandler ["http-nio-8080"]
12-May-2025 10:54:55.287 INFO [main] org.apache.catalina.startup.VersionLoggerListener.log Server version name:   Apache Tomcat/9.0.104
12-May-2025 10:54:55.292 INFO [main] org.apache.catalina.startup.VersionLoggerListener.log Server built:          Apr 4 2025 12:32:55 UTC
12-May-2025 10:54:55.292 INFO [main] org.apache.catalina.startup.VersionLoggerListener.log Server version number: 9.0.104.0
12-May-2025 10:54:55.293 INFO [main] org.apache.catalina.startup.VersionLoggerListener.log OS Name:               Windows 11
12-May-2025 10:54:55.293 INFO [main] org.apache.catalina.startup.VersionLoggerListener.log OS Version:            10.0
12-May-2025 10:54:55.293 INFO [main] org.apache.catalina.startup.VersionLoggerListener.log Architecture:          amd64
12-May-2025 10:54:55.294 INFO [main] org.apache.catalina.startup.VersionLoggerListener.log Java Home:             C:\Users\Lithika\.jdks\openjdk-24.0.1
12-May-2025 10:54:55.294 INFO [main] org.apache.catalina.startup.VersionLoggerListener.log JVM Version:           24.0.1+9-30
12-May-2025 10:54:55.294 INFO [main] org.apache.catalina.startup.VersionLoggerListener.log JVM Vendor:            Oracle Corporation
12-May-2025 10:54:55.295 INFO [main] org.apache.catalina.startup.VersionLoggerListener.log CATALINA_BASE:         C:\Users\Lithika\Desktop\sample_2
12-May-2025 10:54:55.295 INFO [main] org.apache.catalina.startup.VersionLoggerListener.log CATALINA_HOME:         C:\Program Files\Apache Software Foundation\Tomcat 9.0
12-May-2025 10:54:55.314 INFO [main] org.apache.catalina.startup.VersionLoggerListener.log Command line argument: --add-opens=java.base/java.lang=ALL-UNNAMED
12-May-2025 10:54:55.315 INFO [main] org.apache.catalina.startup.VersionLoggerListener.log Command line argument: --add-opens=java.base/java.io=ALL-UNNAMED
12-May-2025 10:54:55.315 INFO [main] org.apache.catalina.startup.VersionLoggerListener.log Command line argument: --add-opens=java.base/java.util=ALL-UNNAMED
12-May-2025 10:54:55.315 INFO [main] org.apache.catalina.startup.VersionLoggerListener.log Command line argument: --add-opens=java.base/java.util.concurrent=ALL-UNNAMED
12-May-2025 10:54:55.315 INFO [main] org.apache.catalina.startup.VersionLoggerListener.log Command line argument: --add-opens=java.rmi/sun.rmi.transport=ALL-UNNAMED
12-May-2025 10:54:55.315 INFO [main] org.apache.catalina.startup.VersionLoggerListener.log Command line argument: -Dcatalina.home=C:\Program Files\Apache Software Foundation\Tomcat 9.0
12-May-2025 10:54:55.315 INFO [main] org.apache.catalina.startup.VersionLoggerListener.log Command line argument: -Dcatalina.base=C:\Users\Lithika\Desktop\sample_2
12-May-2025 10:54:55.316 INFO [main] org.apache.catalina.startup.VersionLoggerListener.log Command line argument: -Djava.io.tmpdir=C:\Users\Lithika\Desktop\sample_2\temp
12-May-2025 10:54:55.316 INFO [main] org.apache.catalina.startup.VersionLoggerListener.log Command line argument: -Djava.util.logging.config.file=C:\Users\Lithika\Desktop\sample_2\conf\logging.properties
12-May-2025 10:54:55.316 INFO [main] org.apache.catalina.startup.VersionLoggerListener.log Command line argument: -Djava.util.logging.manager=org.apache.juli.ClassLoaderLogManager
12-May-2025 10:54:55.316 INFO [main] org.apache.catalina.startup.VersionLoggerListener.log Command line argument: -javaagent:C:\Program Files\JetBrains\IntelliJ IDEA 2024.3.3\lib\idea_rt.jar=56592:C:\Program Files\JetBrains\IntelliJ IDEA 2024.3.3\bin
12-May-2025 10:54:55.317 INFO [main] org.apache.catalina.startup.VersionLoggerListener.log Command line argument: -Dfile.encoding=UTF-8
12-May-2025 10:54:55.317 INFO [main] org.apache.catalina.startup.VersionLoggerListener.log Command line argument: -Dsun.stdout.encoding=UTF-8
12-May-2025 10:54:55.317 INFO [main] org.apache.catalina.startup.VersionLoggerListener.log Command line argument: -Dsun.stderr.encoding=UTF-8
12-May-2025 10:54:55.330 INFO [main] org.apache.catalina.core.AprLifecycleListener.lifecycleEvent The Apache Tomcat Native library which allows using OpenSSL was not found on the java.library.path: [C:\Users\Lithika\.jdks\openjdk-24.0.1\bin;C:\WINDOWS\Sun\Java\bin;C:\WINDOWS\system32;C:\WINDOWS;C:\Program Files\Common Files\Oracle\Java\javapath;C:\WINDOWS\system32;C:\WINDOWS;C:\WINDOWS\System32\Wbem;C:\WINDOWS\System32\WindowsPowerShell\v1.0\;C:\WINDOWS\System32\OpenSSH\;C:\Program Files\NVIDIA Corporation\NVIDIA app\NvDLISR;C:\Program Files (x86)\NVIDIA Corporation\PhysX\Common;C:\Users\Lithika\AppData\Local\Programs\Python\Python313;C:\Users\Lithika\AppData\Local\Programs\Python\Python313\Scripts;C:\Program Files\Git\cmd;C:\Users\Lithika\AppData\Local\Programs\Python\Python313\Scripts\;C:\Users\Lithika\AppData\Local\Programs\Python\Python313\;C:\Users\Lithika\AppData\Local\Programs\Python\Launcher\;C:\Users\Lithika\AppData\Local\Microsoft\WindowsApps;;.]
12-May-2025 10:54:56.334 INFO [main] org.apache.coyote.AbstractProtocol.init Initializing ProtocolHandler ["http-nio-8080"]
12-May-2025 10:54:56.392 INFO [main] org.apache.catalina.startup.Catalina.load Server initialization in [1611] milliseconds
12-May-2025 10:54:56.534 INFO [main] org.apache.catalina.core.StandardService.startInternal Starting service [Catalina]
12-May-2025 10:54:56.535 INFO [main] org.apache.catalina.core.StandardEngine.startInternal Starting Servlet engine: [Apache Tomcat/9.0.104]
12-May-2025 10:54:56.565 INFO [main] org.apache.catalina.startup.HostConfig.deployDescriptor Deploying deployment descriptor [C:\Users\Lithika\Desktop\sample_2\conf\Catalina\localhost\sample_2.xml]
12-May-2025 10:54:57.457 INFO [main] org.apache.catalina.startup.HostConfig.deployDescriptor Deployment of deployment descriptor [C:\Users\Lithika\Desktop\sample_2\conf\Catalina\localhost\sample_2.xml] has finished in [890] ms
12-May-2025 10:54:57.465 INFO [main] org.apache.coyote.AbstractProtocol.start Starting ProtocolHandler ["http-nio-8080"]
12-May-2025 10:54:57.521 INFO [main] org.apache.catalina.startup.Catalina.start Server startup in [1123] milliseconds
12-May-2025 11:07:45.365 INFO [Thread-1] org.apache.coyote.AbstractProtocol.pause Pausing ProtocolHandler ["http-nio-8080"]
12-May-2025 11:07:45.388 INFO [Thread-1] org.apache.catalina.core.StandardService.stopInternal Stopping service [Catalina]
12-May-2025 11:07:45.415 INFO [Thread-1] org.apache.coyote.AbstractProtocol.stop Stopping ProtocolHandler ["http-nio-8080"]
12-May-2025 11:07:45.424 INFO [Thread-1] org.apache.coyote.AbstractProtocol.destroy Destroying ProtocolHandler ["http-nio-8080"]
12-May-2025 11:07:49.648 INFO [main] org.apache.catalina.startup.VersionLoggerListener.log Server version name:   Apache Tomcat/9.0.104
12-May-2025 11:07:49.654 INFO [main] org.apache.catalina.startup.VersionLoggerListener.log Server built:          Apr 4 2025 12:32:55 UTC
12-May-2025 11:07:49.656 INFO [main] org.apache.catalina.startup.VersionLoggerListener.log Server version number: 9.0.104.0
12-May-2025 11:07:49.656 INFO [main] org.apache.catalina.startup.VersionLoggerListener.log OS Name:               Windows 11
12-May-2025 11:07:49.657 INFO [main] org.apache.catalina.startup.VersionLoggerListener.log OS Version:            10.0
12-May-2025 11:07:49.657 INFO [main] org.apache.catalina.startup.VersionLoggerListener.log Architecture:          amd64
12-May-2025 11:07:49.657 INFO [main] org.apache.catalina.startup.VersionLoggerListener.log Java Home:             C:\Users\Lithika\.jdks\openjdk-24.0.1
12-May-2025 11:07:49.658 INFO [main] org.apache.catalina.startup.VersionLoggerListener.log JVM Version:           24.0.1+9-30
12-May-2025 11:07:49.658 INFO [main] org.apache.catalina.startup.VersionLoggerListener.log JVM Vendor:            Oracle Corporation
12-May-2025 11:07:49.658 INFO [main] org.apache.catalina.startup.VersionLoggerListener.log CATALINA_BASE:         C:\Users\Lithika\Desktop\sample_2
12-May-2025 11:07:49.659 INFO [main] org.apache.catalina.startup.VersionLoggerListener.log CATALINA_HOME:         C:\Program Files\Apache Software Foundation\Tomcat 9.0
12-May-2025 11:07:49.679 INFO [main] org.apache.catalina.startup.VersionLoggerListener.log Command line argument: --add-opens=java.base/java.lang=ALL-UNNAMED
12-May-2025 11:07:49.679 INFO [main] org.apache.catalina.startup.VersionLoggerListener.log Command line argument: --add-opens=java.base/java.io=ALL-UNNAMED
12-May-2025 11:07:49.680 INFO [main] org.apache.catalina.startup.VersionLoggerListener.log Command line argument: --add-opens=java.base/java.util=ALL-UNNAMED
12-May-2025 11:07:49.680 INFO [main] org.apache.catalina.startup.VersionLoggerListener.log Command line argument: --add-opens=java.base/java.util.concurrent=ALL-UNNAMED
12-May-2025 11:07:49.680 INFO [main] org.apache.catalina.startup.VersionLoggerListener.log Command line argument: --add-opens=java.rmi/sun.rmi.transport=ALL-UNNAMED
12-May-2025 11:07:49.680 INFO [main] org.apache.catalina.startup.VersionLoggerListener.log Command line argument: -Dcatalina.home=C:\Program Files\Apache Software Foundation\Tomcat 9.0
12-May-2025 11:07:49.681 INFO [main] org.apache.catalina.startup.VersionLoggerListener.log Command line argument: -Dcatalina.base=C:\Users\Lithika\Desktop\sample_2
12-May-2025 11:07:49.681 INFO [main] org.apache.catalina.startup.VersionLoggerListener.log Command line argument: -Djava.io.tmpdir=C:\Users\Lithika\Desktop\sample_2\temp
12-May-2025 11:07:49.681 INFO [main] org.apache.catalina.startup.VersionLoggerListener.log Command line argument: -Djava.util.logging.config.file=C:\Users\Lithika\Desktop\sample_2\conf\logging.properties
12-May-2025 11:07:49.681 INFO [main] org.apache.catalina.startup.VersionLoggerListener.log Command line argument: -Djava.util.logging.manager=org.apache.juli.ClassLoaderLogManager
12-May-2025 11:07:49.681 INFO [main] org.apache.catalina.startup.VersionLoggerListener.log Command line argument: -javaagent:C:\Program Files\JetBrains\IntelliJ IDEA 2024.3.3\lib\idea_rt.jar=56701:C:\Program Files\JetBrains\IntelliJ IDEA 2024.3.3\bin
12-May-2025 11:07:49.681 INFO [main] org.apache.catalina.startup.VersionLoggerListener.log Command line argument: -Dfile.encoding=UTF-8
12-May-2025 11:07:49.682 INFO [main] org.apache.catalina.startup.VersionLoggerListener.log Command line argument: -Dsun.stdout.encoding=UTF-8
12-May-2025 11:07:49.682 INFO [main] org.apache.catalina.startup.VersionLoggerListener.log Command line argument: -Dsun.stderr.encoding=UTF-8
12-May-2025 11:07:49.693 INFO [main] org.apache.catalina.core.AprLifecycleListener.lifecycleEvent The Apache Tomcat Native library which allows using OpenSSL was not found on the java.library.path: [C:\Users\Lithika\.jdks\openjdk-24.0.1\bin;C:\WINDOWS\Sun\Java\bin;C:\WINDOWS\system32;C:\WINDOWS;C:\Program Files\Common Files\Oracle\Java\javapath;C:\WINDOWS\system32;C:\WINDOWS;C:\WINDOWS\System32\Wbem;C:\WINDOWS\System32\WindowsPowerShell\v1.0\;C:\WINDOWS\System32\OpenSSH\;C:\Program Files\NVIDIA Corporation\NVIDIA app\NvDLISR;C:\Program Files (x86)\NVIDIA Corporation\PhysX\Common;C:\Users\Lithika\AppData\Local\Programs\Python\Python313;C:\Users\Lithika\AppData\Local\Programs\Python\Python313\Scripts;C:\Program Files\Git\cmd;C:\Users\Lithika\AppData\Local\Programs\Python\Python313\Scripts\;C:\Users\Lithika\AppData\Local\Programs\Python\Python313\;C:\Users\Lithika\AppData\Local\Programs\Python\Launcher\;C:\Users\Lithika\AppData\Local\Microsoft\WindowsApps;;.]
12-May-2025 11:07:50.703 INFO [main] org.apache.coyote.AbstractProtocol.init Initializing ProtocolHandler ["http-nio-8080"]
12-May-2025 11:07:50.749 INFO [main] org.apache.catalina.startup.Catalina.load Server initialization in [1757] milliseconds
12-May-2025 11:07:50.851 INFO [main] org.apache.catalina.core.StandardService.startInternal Starting service [Catalina]
12-May-2025 11:07:50.853 INFO [main] org.apache.catalina.core.StandardEngine.startInternal Starting Servlet engine: [Apache Tomcat/9.0.104]
12-May-2025 11:07:50.869 INFO [main] org.apache.catalina.startup.HostConfig.deployDescriptor Deploying deployment descriptor [C:\Users\Lithika\Desktop\sample_2\conf\Catalina\localhost\sample_2.xml]
12-May-2025 11:07:51.658 INFO [main] org.apache.catalina.startup.HostConfig.deployDescriptor Deployment of deployment descriptor [C:\Users\Lithika\Desktop\sample_2\conf\Catalina\localhost\sample_2.xml] has finished in [787] ms
12-May-2025 11:07:51.668 INFO [main] org.apache.coyote.AbstractProtocol.start Starting ProtocolHandler ["http-nio-8080"]
12-May-2025 11:07:51.718 INFO [main] org.apache.catalina.startup.Catalina.start Server startup in [966] milliseconds
12-May-2025 11:17:43.685 INFO [Thread-1] org.apache.coyote.AbstractProtocol.pause Pausing ProtocolHandler ["http-nio-8080"]
12-May-2025 11:17:43.706 INFO [Thread-1] org.apache.catalina.core.StandardService.stopInternal Stopping service [Catalina]
12-May-2025 11:17:43.733 INFO [Thread-1] org.apache.coyote.AbstractProtocol.stop Stopping ProtocolHandler ["http-nio-8080"]
12-May-2025 11:17:43.740 INFO [Thread-1] org.apache.coyote.AbstractProtocol.destroy Destroying ProtocolHandler ["http-nio-8080"]
12-May-2025 11:17:50.695 INFO [main] org.apache.catalina.startup.VersionLoggerListener.log Server version name:   Apache Tomcat/9.0.104
12-May-2025 11:17:50.704 INFO [main] org.apache.catalina.startup.VersionLoggerListener.log Server built:          Apr 4 2025 12:32:55 UTC
12-May-2025 11:17:50.706 INFO [main] org.apache.catalina.startup.VersionLoggerListener.log Server version number: 9.0.104.0
12-May-2025 11:17:50.706 INFO [main] org.apache.catalina.startup.VersionLoggerListener.log OS Name:               Windows 11
12-May-2025 11:17:50.707 INFO [main] org.apache.catalina.startup.VersionLoggerListener.log OS Version:            10.0
12-May-2025 11:17:50.707 INFO [main] org.apache.catalina.startup.VersionLoggerListener.log Architecture:          amd64
12-May-2025 11:17:50.708 INFO [main] org.apache.catalina.startup.VersionLoggerListener.log Java Home:             C:\Users\Lithika\.jdks\openjdk-24.0.1
12-May-2025 11:17:50.708 INFO [main] org.apache.catalina.startup.VersionLoggerListener.log JVM Version:           24.0.1+9-30
12-May-2025 11:17:50.709 INFO [main] org.apache.catalina.startup.VersionLoggerListener.log JVM Vendor:            Oracle Corporation
12-May-2025 11:17:50.710 INFO [main] org.apache.catalina.startup.VersionLoggerListener.log CATALINA_BASE:         C:\Users\Lithika\Desktop\sample_2
12-May-2025 11:17:50.710 INFO [main] org.apache.catalina.startup.VersionLoggerListener.log CATALINA_HOME:         C:\Program Files\Apache Software Foundation\Tomcat 9.0
12-May-2025 11:17:50.741 INFO [main] org.apache.catalina.startup.VersionLoggerListener.log Command line argument: --add-opens=java.base/java.lang=ALL-UNNAMED
12-May-2025 11:17:50.741 INFO [main] org.apache.catalina.startup.VersionLoggerListener.log Command line argument: --add-opens=java.base/java.io=ALL-UNNAMED
12-May-2025 11:17:50.741 INFO [main] org.apache.catalina.startup.VersionLoggerListener.log Command line argument: --add-opens=java.base/java.util=ALL-UNNAMED
12-May-2025 11:17:50.742 INFO [main] org.apache.catalina.startup.VersionLoggerListener.log Command line argument: --add-opens=java.base/java.util.concurrent=ALL-UNNAMED
12-May-2025 11:17:50.742 INFO [main] org.apache.catalina.startup.VersionLoggerListener.log Command line argument: --add-opens=java.rmi/sun.rmi.transport=ALL-UNNAMED
12-May-2025 11:17:50.742 INFO [main] org.apache.catalina.startup.VersionLoggerListener.log Command line argument: -Dcatalina.home=C:\Program Files\Apache Software Foundation\Tomcat 9.0
12-May-2025 11:17:50.743 INFO [main] org.apache.catalina.startup.VersionLoggerListener.log Command line argument: -Dcatalina.base=C:\Users\Lithika\Desktop\sample_2
12-May-2025 11:17:50.743 INFO [main] org.apache.catalina.startup.VersionLoggerListener.log Command line argument: -Djava.io.tmpdir=C:\Users\Lithika\Desktop\sample_2\temp
12-May-2025 11:17:50.743 INFO [main] org.apache.catalina.startup.VersionLoggerListener.log Command line argument: -Djava.util.logging.config.file=C:\Users\Lithika\Desktop\sample_2\conf\logging.properties
12-May-2025 11:17:50.743 INFO [main] org.apache.catalina.startup.VersionLoggerListener.log Command line argument: -Djava.util.logging.manager=org.apache.juli.ClassLoaderLogManager
12-May-2025 11:17:50.744 INFO [main] org.apache.catalina.startup.VersionLoggerListener.log Command line argument: -javaagent:C:\Program Files\JetBrains\IntelliJ IDEA 2024.3.3\lib\idea_rt.jar=56764:C:\Program Files\JetBrains\IntelliJ IDEA 2024.3.3\bin
12-May-2025 11:17:50.744 INFO [main] org.apache.catalina.startup.VersionLoggerListener.log Command line argument: -Dfile.encoding=UTF-8
12-May-2025 11:17:50.745 INFO [main] org.apache.catalina.startup.VersionLoggerListener.log Command line argument: -Dsun.stdout.encoding=UTF-8
12-May-2025 11:17:50.745 INFO [main] org.apache.catalina.startup.VersionLoggerListener.log Command line argument: -Dsun.stderr.encoding=UTF-8
12-May-2025 11:17:50.767 INFO [main] org.apache.catalina.core.AprLifecycleListener.lifecycleEvent The Apache Tomcat Native library which allows using OpenSSL was not found on the java.library.path: [C:\Users\Lithika\.jdks\openjdk-24.0.1\bin;C:\WINDOWS\Sun\Java\bin;C:\WINDOWS\system32;C:\WINDOWS;C:\Program Files\Common Files\Oracle\Java\javapath;C:\WINDOWS\system32;C:\WINDOWS;C:\WINDOWS\System32\Wbem;C:\WINDOWS\System32\WindowsPowerShell\v1.0\;C:\WINDOWS\System32\OpenSSH\;C:\Program Files\NVIDIA Corporation\NVIDIA app\NvDLISR;C:\Program Files (x86)\NVIDIA Corporation\PhysX\Common;C:\Users\Lithika\AppData\Local\Programs\Python\Python313;C:\Users\Lithika\AppData\Local\Programs\Python\Python313\Scripts;C:\Program Files\Git\cmd;C:\Users\Lithika\AppData\Local\Programs\Python\Python313\Scripts\;C:\Users\Lithika\AppData\Local\Programs\Python\Python313\;C:\Users\Lithika\AppData\Local\Programs\Python\Launcher\;C:\Users\Lithika\AppData\Local\Microsoft\WindowsApps;;.]
12-May-2025 11:17:51.586 INFO [main] org.apache.coyote.AbstractProtocol.init Initializing ProtocolHandler ["http-nio-8080"]
12-May-2025 11:17:51.628 INFO [main] org.apache.catalina.startup.Catalina.load Server initialization in [1728] milliseconds
12-May-2025 11:17:51.740 INFO [main] org.apache.catalina.core.StandardService.startInternal Starting service [Catalina]
12-May-2025 11:17:51.741 INFO [main] org.apache.catalina.core.StandardEngine.startInternal Starting Servlet engine: [Apache Tomcat/9.0.104]
12-May-2025 11:17:51.764 INFO [main] org.apache.catalina.startup.HostConfig.deployDescriptor Deploying deployment descriptor [C:\Users\Lithika\Desktop\sample_2\conf\Catalina\localhost\sample_2.xml]
12-May-2025 11:17:52.707 INFO [main] org.apache.catalina.startup.HostConfig.deployDescriptor Deployment of deployment descriptor [C:\Users\Lithika\Desktop\sample_2\conf\Catalina\localhost\sample_2.xml] has finished in [941] ms
12-May-2025 11:17:52.718 INFO [main] org.apache.coyote.AbstractProtocol.start Starting ProtocolHandler ["http-nio-8080"]
12-May-2025 11:17:52.768 INFO [main] org.apache.catalina.startup.Catalina.start Server startup in [1136] milliseconds
12-May-2025 11:20:25.380 INFO [Thread-1] org.apache.coyote.AbstractProtocol.pause Pausing ProtocolHandler ["http-nio-8080"]
12-May-2025 11:20:25.418 INFO [Thread-1] org.apache.catalina.core.StandardService.stopInternal Stopping service [Catalina]
12-May-2025 11:20:25.475 INFO [Thread-1] org.apache.coyote.AbstractProtocol.stop Stopping ProtocolHandler ["http-nio-8080"]
12-May-2025 11:20:25.494 INFO [Thread-1] org.apache.coyote.AbstractProtocol.destroy Destroying ProtocolHandler ["http-nio-8080"]
