09-May-2025 10:11:39.139 INFO [main] org.apache.catalina.startup.VersionLoggerListener.log Server version name:   Apache Tomcat/9.0.104
09-May-2025 10:11:39.151 INFO [main] org.apache.catalina.startup.VersionLoggerListener.log Server built:          Apr 4 2025 12:32:55 UTC
09-May-2025 10:11:39.153 INFO [main] org.apache.catalina.startup.VersionLoggerListener.log Server version number: 9.0.104.0
09-May-2025 10:11:39.153 INFO [main] org.apache.catalina.startup.VersionLoggerListener.log OS Name:               Windows 11
09-May-2025 10:11:39.153 INFO [main] org.apache.catalina.startup.VersionLoggerListener.log OS Version:            10.0
09-May-2025 10:11:39.154 INFO [main] org.apache.catalina.startup.VersionLoggerListener.log Architecture:          amd64
09-May-2025 10:11:39.157 INFO [main] org.apache.catalina.startup.VersionLoggerListener.log Java Home:             C:\Users\Lithika\.jdks\openjdk-24.0.1
09-May-2025 10:11:39.158 INFO [main] org.apache.catalina.startup.VersionLoggerListener.log JVM Version:           24.0.1+9-30
09-May-2025 10:11:39.158 INFO [main] org.apache.catalina.startup.VersionLoggerListener.log JVM Vendor:            Oracle Corporation
09-May-2025 10:11:39.159 INFO [main] org.apache.catalina.startup.VersionLoggerListener.log CATALINA_BASE:         C:\Users\Lithika\Desktop\sample_2
09-May-2025 10:11:39.159 INFO [main] org.apache.catalina.startup.VersionLoggerListener.log CATALINA_HOME:         C:\Program Files\Apache Software Foundation\Tomcat 9.0
09-May-2025 10:11:39.196 INFO [main] org.apache.catalina.startup.VersionLoggerListener.log Command line argument: --add-opens=java.base/java.lang=ALL-UNNAMED
09-May-2025 10:11:39.196 INFO [main] org.apache.catalina.startup.VersionLoggerListener.log Command line argument: --add-opens=java.base/java.io=ALL-UNNAMED
09-May-2025 10:11:39.197 INFO [main] org.apache.catalina.startup.VersionLoggerListener.log Command line argument: --add-opens=java.base/java.util=ALL-UNNAMED
09-May-2025 10:11:39.198 INFO [main] org.apache.catalina.startup.VersionLoggerListener.log Command line argument: --add-opens=java.base/java.util.concurrent=ALL-UNNAMED
09-May-2025 10:11:39.199 INFO [main] org.apache.catalina.startup.VersionLoggerListener.log Command line argument: --add-opens=java.rmi/sun.rmi.transport=ALL-UNNAMED
09-May-2025 10:11:39.200 INFO [main] org.apache.catalina.startup.VersionLoggerListener.log Command line argument: -Dcatalina.home=C:\Program Files\Apache Software Foundation\Tomcat 9.0
09-May-2025 10:11:39.201 INFO [main] org.apache.catalina.startup.VersionLoggerListener.log Command line argument: -Dcatalina.base=C:\Users\Lithika\Desktop\sample_2
09-May-2025 10:11:39.201 INFO [main] org.apache.catalina.startup.VersionLoggerListener.log Command line argument: -Djava.io.tmpdir=C:\Users\Lithika\Desktop\sample_2\temp
09-May-2025 10:11:39.202 INFO [main] org.apache.catalina.startup.VersionLoggerListener.log Command line argument: -Djava.util.logging.config.file=C:\Users\Lithika\Desktop\sample_2\conf\logging.properties
09-May-2025 10:11:39.202 INFO [main] org.apache.catalina.startup.VersionLoggerListener.log Command line argument: -Djava.util.logging.manager=org.apache.juli.ClassLoaderLogManager
09-May-2025 10:11:39.203 INFO [main] org.apache.catalina.startup.VersionLoggerListener.log Command line argument: -javaagent:C:\Program Files\JetBrains\IntelliJ IDEA 2024.3.3\lib\idea_rt.jar=49654:C:\Program Files\JetBrains\IntelliJ IDEA 2024.3.3\bin
09-May-2025 10:11:39.203 INFO [main] org.apache.catalina.startup.VersionLoggerListener.log Command line argument: -Dfile.encoding=UTF-8
09-May-2025 10:11:39.204 INFO [main] org.apache.catalina.startup.VersionLoggerListener.log Command line argument: -Dsun.stdout.encoding=UTF-8
09-May-2025 10:11:39.204 INFO [main] org.apache.catalina.startup.VersionLoggerListener.log Command line argument: -Dsun.stderr.encoding=UTF-8
09-May-2025 10:11:39.231 INFO [main] org.apache.catalina.core.AprLifecycleListener.lifecycleEvent The Apache Tomcat Native library which allows using OpenSSL was not found on the java.library.path: [C:\Users\Lithika\.jdks\openjdk-24.0.1\bin;C:\WINDOWS\Sun\Java\bin;C:\WINDOWS\system32;C:\WINDOWS;C:\Program Files\Common Files\Oracle\Java\javapath;C:\WINDOWS\system32;C:\WINDOWS;C:\WINDOWS\System32\Wbem;C:\WINDOWS\System32\WindowsPowerShell\v1.0\;C:\WINDOWS\System32\OpenSSH\;C:\Program Files\NVIDIA Corporation\NVIDIA app\NvDLISR;C:\Program Files (x86)\NVIDIA Corporation\PhysX\Common;C:\Users\Lithika\AppData\Local\Programs\Python\Python313;C:\Users\Lithika\AppData\Local\Programs\Python\Python313\Scripts;C:\Program Files\Git\cmd;C:\Users\Lithika\AppData\Local\Programs\Python\Python313\Scripts\;C:\Users\Lithika\AppData\Local\Programs\Python\Python313\;C:\Users\Lithika\AppData\Local\Programs\Python\Launcher\;C:\Users\Lithika\AppData\Local\Microsoft\WindowsApps;;.]
09-May-2025 10:11:40.364 INFO [main] org.apache.coyote.AbstractProtocol.init Initializing ProtocolHandler ["http-nio-8080"]
09-May-2025 10:11:40.420 INFO [main] org.apache.catalina.startup.Catalina.load Server initialization in [2077] milliseconds
09-May-2025 10:11:40.537 INFO [main] org.apache.catalina.core.StandardService.startInternal Starting service [Catalina]
09-May-2025 10:11:40.538 INFO [main] org.apache.catalina.core.StandardEngine.startInternal Starting Servlet engine: [Apache Tomcat/9.0.104]
09-May-2025 10:11:40.557 INFO [main] org.apache.catalina.startup.HostConfig.deployDescriptor Deploying deployment descriptor [C:\Users\Lithika\Desktop\sample_2\conf\Catalina\localhost\sample_2.xml]
09-May-2025 10:11:42.523 INFO [main] org.apache.catalina.startup.HostConfig.deployDescriptor Deployment of deployment descriptor [C:\Users\Lithika\Desktop\sample_2\conf\Catalina\localhost\sample_2.xml] has finished in [1,966] ms
09-May-2025 10:11:42.532 INFO [main] org.apache.coyote.AbstractProtocol.start Starting ProtocolHandler ["http-nio-8080"]
09-May-2025 10:11:42.575 INFO [main] org.apache.catalina.startup.Catalina.start Server startup in [2152] milliseconds
09-May-2025 22:14:39.663 INFO [main] org.apache.catalina.startup.VersionLoggerListener.log Server version name:   Apache Tomcat/9.0.104
09-May-2025 22:14:39.668 INFO [main] org.apache.catalina.startup.VersionLoggerListener.log Server built:          Apr 4 2025 12:32:55 UTC
09-May-2025 22:14:39.669 INFO [main] org.apache.catalina.startup.VersionLoggerListener.log Server version number: 9.0.104.0
09-May-2025 22:14:39.669 INFO [main] org.apache.catalina.startup.VersionLoggerListener.log OS Name:               Windows 11
09-May-2025 22:14:39.669 INFO [main] org.apache.catalina.startup.VersionLoggerListener.log OS Version:            10.0
09-May-2025 22:14:39.669 INFO [main] org.apache.catalina.startup.VersionLoggerListener.log Architecture:          amd64
09-May-2025 22:14:39.669 INFO [main] org.apache.catalina.startup.VersionLoggerListener.log Java Home:             C:\Users\Lithika\.jdks\openjdk-24.0.1
09-May-2025 22:14:39.670 INFO [main] org.apache.catalina.startup.VersionLoggerListener.log JVM Version:           24.0.1+9-30
09-May-2025 22:14:39.670 INFO [main] org.apache.catalina.startup.VersionLoggerListener.log JVM Vendor:            Oracle Corporation
09-May-2025 22:14:39.670 INFO [main] org.apache.catalina.startup.VersionLoggerListener.log CATALINA_BASE:         C:\Users\Lithika\Desktop\sample_2
09-May-2025 22:14:39.670 INFO [main] org.apache.catalina.startup.VersionLoggerListener.log CATALINA_HOME:         C:\Program Files\Apache Software Foundation\Tomcat 9.0
09-May-2025 22:14:39.686 INFO [main] org.apache.catalina.startup.VersionLoggerListener.log Command line argument: --add-opens=java.base/java.lang=ALL-UNNAMED
09-May-2025 22:14:39.687 INFO [main] org.apache.catalina.startup.VersionLoggerListener.log Command line argument: --add-opens=java.base/java.io=ALL-UNNAMED
09-May-2025 22:14:39.687 INFO [main] org.apache.catalina.startup.VersionLoggerListener.log Command line argument: --add-opens=java.base/java.util=ALL-UNNAMED
09-May-2025 22:14:39.687 INFO [main] org.apache.catalina.startup.VersionLoggerListener.log Command line argument: --add-opens=java.base/java.util.concurrent=ALL-UNNAMED
09-May-2025 22:14:39.687 INFO [main] org.apache.catalina.startup.VersionLoggerListener.log Command line argument: --add-opens=java.rmi/sun.rmi.transport=ALL-UNNAMED
09-May-2025 22:14:39.687 INFO [main] org.apache.catalina.startup.VersionLoggerListener.log Command line argument: -Dcatalina.home=C:\Program Files\Apache Software Foundation\Tomcat 9.0
09-May-2025 22:14:39.688 INFO [main] org.apache.catalina.startup.VersionLoggerListener.log Command line argument: -Dcatalina.base=C:\Users\Lithika\Desktop\sample_2
09-May-2025 22:14:39.688 INFO [main] org.apache.catalina.startup.VersionLoggerListener.log Command line argument: -Djava.io.tmpdir=C:\Users\Lithika\Desktop\sample_2\temp
09-May-2025 22:14:39.688 INFO [main] org.apache.catalina.startup.VersionLoggerListener.log Command line argument: -Djava.util.logging.config.file=C:\Users\Lithika\Desktop\sample_2\conf\logging.properties
09-May-2025 22:14:39.688 INFO [main] org.apache.catalina.startup.VersionLoggerListener.log Command line argument: -Djava.util.logging.manager=org.apache.juli.ClassLoaderLogManager
09-May-2025 22:14:39.688 INFO [main] org.apache.catalina.startup.VersionLoggerListener.log Command line argument: -javaagent:C:\Program Files\JetBrains\IntelliJ IDEA 2024.3.3\lib\idea_rt.jar=53633:C:\Program Files\JetBrains\IntelliJ IDEA 2024.3.3\bin
09-May-2025 22:14:39.689 INFO [main] org.apache.catalina.startup.VersionLoggerListener.log Command line argument: -Dfile.encoding=UTF-8
09-May-2025 22:14:39.689 INFO [main] org.apache.catalina.startup.VersionLoggerListener.log Command line argument: -Dsun.stdout.encoding=UTF-8
09-May-2025 22:14:39.689 INFO [main] org.apache.catalina.startup.VersionLoggerListener.log Command line argument: -Dsun.stderr.encoding=UTF-8
09-May-2025 22:14:39.700 INFO [main] org.apache.catalina.core.AprLifecycleListener.lifecycleEvent The Apache Tomcat Native library which allows using OpenSSL was not found on the java.library.path: [C:\Users\Lithika\.jdks\openjdk-24.0.1\bin;C:\WINDOWS\Sun\Java\bin;C:\WINDOWS\system32;C:\WINDOWS;C:\Program Files\Common Files\Oracle\Java\javapath;C:\WINDOWS\system32;C:\WINDOWS;C:\WINDOWS\System32\Wbem;C:\WINDOWS\System32\WindowsPowerShell\v1.0\;C:\WINDOWS\System32\OpenSSH\;C:\Program Files\NVIDIA Corporation\NVIDIA app\NvDLISR;C:\Program Files (x86)\NVIDIA Corporation\PhysX\Common;C:\Users\Lithika\AppData\Local\Programs\Python\Python313;C:\Users\Lithika\AppData\Local\Programs\Python\Python313\Scripts;C:\Program Files\Git\cmd;C:\Users\Lithika\AppData\Local\Programs\Python\Python313\Scripts\;C:\Users\Lithika\AppData\Local\Programs\Python\Python313\;C:\Users\Lithika\AppData\Local\Programs\Python\Launcher\;C:\Users\Lithika\AppData\Local\Microsoft\WindowsApps;;.]
09-May-2025 22:14:40.469 INFO [main] org.apache.coyote.AbstractProtocol.init Initializing ProtocolHandler ["http-nio-8080"]
09-May-2025 22:14:40.510 INFO [main] org.apache.catalina.startup.Catalina.load Server initialization in [1379] milliseconds
09-May-2025 22:14:40.612 INFO [main] org.apache.catalina.core.StandardService.startInternal Starting service [Catalina]
09-May-2025 22:14:40.612 INFO [main] org.apache.catalina.core.StandardEngine.startInternal Starting Servlet engine: [Apache Tomcat/9.0.104]
09-May-2025 22:14:40.631 INFO [main] org.apache.catalina.startup.HostConfig.deployDescriptor Deploying deployment descriptor [C:\Users\Lithika\Desktop\sample_2\conf\Catalina\localhost\sample_2.xml]
09-May-2025 22:14:41.782 INFO [main] org.apache.catalina.startup.HostConfig.deployDescriptor Deployment of deployment descriptor [C:\Users\Lithika\Desktop\sample_2\conf\Catalina\localhost\sample_2.xml] has finished in [1,150] ms
09-May-2025 22:14:41.790 INFO [main] org.apache.coyote.AbstractProtocol.start Starting ProtocolHandler ["http-nio-8080"]
09-May-2025 22:14:41.834 INFO [main] org.apache.catalina.startup.Catalina.start Server startup in [1320] milliseconds
09-May-2025 22:17:33.173 INFO [Thread-1] org.apache.coyote.AbstractProtocol.pause Pausing ProtocolHandler ["http-nio-8080"]
09-May-2025 22:17:33.188 INFO [Thread-1] org.apache.catalina.core.StandardService.stopInternal Stopping service [Catalina]
09-May-2025 22:17:33.223 INFO [Thread-1] org.apache.coyote.AbstractProtocol.stop Stopping ProtocolHandler ["http-nio-8080"]
09-May-2025 22:17:33.236 INFO [Thread-1] org.apache.coyote.AbstractProtocol.destroy Destroying ProtocolHandler ["http-nio-8080"]
